#
# A fatal error has been detected by the Java Runtime Environment:
#
#  EXCEPTION_ACCESS_VIOLATION (0xc0000005) at pc=0x0000000067e5ddad, pid=63724, tid=0x0000000000002f90
#
# JRE version: Java(TM) SE Runtime Environment (8.0_171-b11) (build 1.8.0_171-b11)
# Java VM: Java HotSpot(TM) 64-Bit Server VM (25.171-b11 mixed mode windows-amd64 compressed oops)
# Problematic frame:
# V  [jvm.dll+0x13ddad]
#
# Failed to write core dump. Minidumps are not enabled by default on client versions of Windows
#
# If you would like to submit a bug report, please visit:
#   http://bugreport.java.com/bugreport/crash.jsp
#

---------------  T H R E A D  ---------------

Current thread (0x00000000352e0000):  JavaThread "Thread-5" daemon [_thread_in_vm, id=12176, stack(0x00000000361e0000,0x00000000362e0000)]

siginfo: ExceptionCode=0xc0000005, reading address 0x0000000000000000

Registers:
RAX=0x0000000000000000, RBX=0x0000000000000000, RCX=0x00000000352e0000, RDX=0x00000007173df760
RSP=0x00000000362da3e0, RBP=0x00000000362de060, RSI=0x00000000352e0000, RDI=0x0000000000000000
R8 =0x000000004319ea90, R9 =0x00000000684c4d50, R10=0x0000000000000000, R11=0x00000000362da410
R12=0x00000000362dca30, R13=0x000000004319ea90, R14=0x0000000000000000, R15=0x00000000362da568
RIP=0x0000000067e5ddad, EFLAGS=0x0000000000010246

Top of Stack: (sp=0x00000000362da3e0)
0x00000000362da3e0:   00000000ffffffff ffffffffffffffff
0x00000000362da3f0:   00000000352e0000 0000000000000000
0x00000000362da400:   00007ff9dc7fb010 fffffffffffffffe
0x00000000362da410:   0000000000000000 00000000362db828
0x00000000362da420:   00000000352e0000 00000000336ee7a8
0x00000000362da430:   00000000000000c7 000000006830c460
0x00000000362da440:   00000000362db828 00000000362dca30
0x00000000362da450:   00000000362db220 00007ff9dc7dd58f
0x00000000362da460:   000000004319ea10 00000000362de060
0x00000000362da470:   00000000362db1a0 ffffffffffffffff
0x00000000362da480:   00000000362db220 00007ff9dc7bdcee
0x00000000362da490:   0000000000000000 ffffffffffffffff
0x00000000362da4a0:   ffffffffffffffff 00000000362daac0
0x00000000362da4b0:   00000000362ddcb0 00007ff9dc7d0280
0x00000000362da4c0:   00007ff9dc7dd570 00000000362de060
0x00000000362da4d0:   00000000362de060 ffffffffffffffff 

Instructions: (pc=0x0000000067e5ddad)
0x0000000067e5dd8d:   00 00 06 00 00 00 48 89 74 24 40 48 89 5c 24 48
0x0000000067e5dd9d:   48 39 5e 08 74 0a 48 8d 4c 24 40 e8 a3 e9 13 00
0x0000000067e5ddad:   48 8b 0f e8 3b ab f2 ff 48 8b c8 48 8b e8 4c 8b
0x0000000067e5ddbd:   60 10 e8 4c 7c fe ff 48 85 c0 75 05 48 8b fb eb 


Register to memory mapping:

RAX=0x0000000000000000 is an unknown value
RBX=0x0000000000000000 is an unknown value
RCX=0x00000000352e0000 is a thread
RDX=0x00000007173df760 is an oop
java.lang.NoClassDefFoundError 
 - klass: 'java/lang/NoClassDefFoundError'
RSP=0x00000000362da3e0 is pointing into the stack for thread: 0x00000000352e0000
RBP=0x00000000362de060 is pointing into the stack for thread: 0x00000000352e0000
RSI=0x00000000352e0000 is a thread
RDI=0x0000000000000000 is an unknown value
R8 =0x000000004319ea90 is an unknown value
R9 =0x00000000684c4d50 is an unknown value
R10=0x0000000000000000 is an unknown value
R11=0x00000000362da410 is pointing into the stack for thread: 0x00000000352e0000
R12=0x00000000362dca30 is pointing into the stack for thread: 0x00000000352e0000
R13=0x000000004319ea90 is an unknown value
R14=0x0000000000000000 is an unknown value
R15=0x00000000362da568 is pointing into the stack for thread: 0x00000000352e0000


Stack: [0x00000000361e0000,0x00000000362e0000],  sp=0x00000000362da3e0,  free space=1000k
Native frames: (J=compiled Java code, j=interpreted, Vv=VM code, C=native code)
V  [jvm.dll+0x13ddad]
C  [sw3d.dll+0x11d58f]
C  [sw3d.dll+0x110280]
C  [sw3d.dll+0xf9ce5]
C  [ntdll.dll+0xa4643]
C  [sw3d.dll+0x96d4]
C  0x0000000005eb2d8d

Java frames: (J=compiled Java code, j=interpreted, Vv=VM code)
J 4734  h.pa(IILClass390;LClass390;III)V (0 bytes) @ 0x0000000005eb2d07 [0x0000000005eb2c80+0x87]
J 4731 C1 ObjectDefinitions.method8010(LGraphicalRenderer;IIILClass390;LClass390;IIIZLClass476;I)LClass452; (732 bytes) @ 0x00000000052b5f3c [0x00000000052b3420+0x2b1c]
j  Class123.method2132(LGraphicalRenderer;IZZI)LMeshRasterizer;+753
J 4550 C1 Class521_Sub1_Sub1_Sub5.method12990(LGraphicalRenderer;I)LClass285; (229 bytes) @ 0x00000000054565b4 [0x0000000005456480+0x134]
J 4515 C1 Class206.method3508(LClass521_Sub1;[LClass282_Sub24;)V (319 bytes) @ 0x000000000575809c [0x00000000057570c0+0xfdc]
J 4513% C1 Class206.method3441(Z[[[BIBI)V (1413 bytes) @ 0x000000000564353c [0x0000000005640980+0x2bbc]
j  Class206.method3447(IIII[[[B[I[I[I[I[IIBIIZZIZ)V+1232
J 4054 C1 HitbarDefinitions.method3231(IIIIZI)V (1857 bytes) @ 0x00000000061615bc [0x000000000615e7c0+0x2dfc]
j  Class521_Sub1_Sub3_Sub2.method16094([LClass118;IIIIIIIIZB)V+908
j  Class521_Sub1_Sub3_Sub2.method16094([LClass118;IIIIIIIIZB)V+1494
j  Class521_Sub1_Sub3_Sub2.method16094([LClass118;IIIIIIIIZB)V+1494
J 4643 C2 Class421.method7039(B)V (142 bytes) @ 0x000000000547b1d0 [0x000000000547b0a0+0x130]
J 4111 C1 Class152.method2601(J)V (273 bytes) @ 0x00000000061a70ec [0x00000000061a6b20+0x5cc]
J 4588 C1 client.method11620(I)V (1265 bytes) @ 0x000000000640f364 [0x000000000640b1a0+0x41c4]
j  client.method4678(I)V+20
J 3915 C1 Class263.method4668(I)V (236 bytes) @ 0x000000000567179c [0x0000000005670ac0+0xcdc]
j  Class263.method4745(B)V+364
j  Class263.run()V+3
j  java.lang.Thread.run()V+11
v  ~StubRoutines::call_stub

---------------  P R O C E S S  ---------------

Java Threads: ( => current thread )
  0x000000003375c800 JavaThread "Thread-17" daemon [_thread_blocked, id=75716, stack(0x000000003cdd0000,0x000000003ced0000)]
  0x000000003375a800 JavaThread "Thread-16" daemon [_thread_in_native, id=59600, stack(0x000000003ccd0000,0x000000003cdd0000)]
  0x0000000032a79000 JavaThread "Thread-12" daemon [_thread_in_native, id=7224, stack(0x000000003b440000,0x000000003b540000)]
  0x0000000032a79800 JavaThread "Thread-11" daemon [_thread_blocked, id=66268, stack(0x000000003b040000,0x000000003b140000)]
  0x0000000032a78000 JavaThread "Java Sound Event Dispatcher" daemon [_thread_blocked, id=39644, stack(0x000000003a540000,0x000000003a640000)]
  0x0000000032a7e000 JavaThread "Thread-9" daemon [_thread_blocked, id=55020, stack(0x0000000038fb0000,0x00000000390b0000)]
  0x0000000032a7c000 JavaThread "Thread-8" daemon [_thread_blocked, id=66364, stack(0x0000000038eb0000,0x0000000038fb0000)]
  0x0000000032a7c800 JavaThread "Thread-7" daemon [_thread_blocked, id=37388, stack(0x0000000037600000,0x0000000037700000)]
  0x0000000033fd3000 JavaThread "Thread-6" daemon [_thread_blocked, id=20308, stack(0x00000000372b0000,0x00000000373b0000)]
  0x0000000004b33000 JavaThread "DestroyJavaVM" [_thread_blocked, id=39736, stack(0x0000000004890000,0x0000000004990000)]
=>0x00000000352e0000 JavaThread "Thread-5" daemon [_thread_in_vm, id=12176, stack(0x00000000361e0000,0x00000000362e0000)]
  0x00000000334b3000 JavaThread "Thread-4" daemon [_thread_blocked, id=34740, stack(0x0000000034b00000,0x0000000034c00000)]
  0x0000000033563000 JavaThread "Thread-3" [_thread_blocked, id=57780, stack(0x0000000034a00000,0x0000000034b00000)]
  0x000000002b908800 JavaThread "Thread-2" [_thread_blocked, id=24320, stack(0x0000000034900000,0x0000000034a00000)]
  0x0000000029ea5000 JavaThread "D3D Screen Updater" daemon [_thread_blocked, id=56084, stack(0x0000000031bf0000,0x0000000031cf0000)]
  0x0000000029e99000 JavaThread "AWT-EventQueue-0" [_thread_blocked, id=34520, stack(0x00000000318b0000,0x00000000319b0000)]
  0x000000002b133000 JavaThread "AWT-Windows" daemon [_thread_in_native, id=28448, stack(0x000000002bc70000,0x000000002bd70000)]
  0x000000002b132800 JavaThread "AWT-Shutdown" [_thread_blocked, id=36100, stack(0x000000002bb70000,0x000000002bc70000)]
  0x0000000029e38000 JavaThread "Java2D Disposer" daemon [_thread_blocked, id=74332, stack(0x000000002ba70000,0x000000002bb70000)]
  0x0000000029ce1000 JavaThread "Service Thread" daemon [_thread_blocked, id=33084, stack(0x000000002af30000,0x000000002b030000)]
  0x0000000029c31000 JavaThread "C1 CompilerThread3" daemon [_thread_blocked, id=16368, stack(0x000000002ae30000,0x000000002af30000)]
  0x0000000029c26800 JavaThread "C2 CompilerThread2" daemon [_thread_in_native, id=14720, stack(0x000000002ad30000,0x000000002ae30000)]
  0x0000000029c2e000 JavaThread "C2 CompilerThread1" daemon [_thread_in_native, id=51916, stack(0x000000002ac30000,0x000000002ad30000)]
  0x0000000029c23800 JavaThread "C2 CompilerThread0" daemon [_thread_in_native, id=26752, stack(0x000000002ab30000,0x000000002ac30000)]
  0x0000000029b53800 JavaThread "JDWP Command Reader" daemon [_thread_in_native, id=69376, stack(0x000000002aa30000,0x000000002ab30000)]
  0x0000000029b50000 JavaThread "JDWP Event Helper Thread" daemon [_thread_blocked, id=30148, stack(0x000000002a930000,0x000000002aa30000)]
  0x0000000029b4f800 JavaThread "JDWP Transport Listener: dt_socket" daemon [_thread_blocked, id=61696, stack(0x000000002a400000,0x000000002a500000)]
  0x0000000029b3b800 JavaThread "Attach Listener" daemon [_thread_blocked, id=10768, stack(0x000000002a300000,0x000000002a400000)]
  0x0000000027c4e000 JavaThread "Signal Dispatcher" daemon [_thread_blocked, id=62872, stack(0x000000002a200000,0x000000002a300000)]
  0x0000000029b30800 JavaThread "Finalizer" daemon [_thread_blocked, id=30676, stack(0x0000000029f10000,0x000000002a010000)]
  0x0000000004c28000 JavaThread "Reference Handler" daemon [_thread_blocked, id=7188, stack(0x0000000029a10000,0x0000000029b10000)]

Other Threads:
  0x0000000027c3a000 VMThread [stack: 0x0000000029910000,0x0000000029a10000] [id=25468]
  0x0000000029d41800 WatcherThread [stack: 0x000000002b030000,0x000000002b130000] [id=53996]

VM state:not at safepoint (normal execution)

VM Mutex/Monitor currently owned by a thread: None

Heap:
 PSYoungGen      total 169984K, used 71402K [0x0000000715900000, 0x0000000723d80000, 0x00000007c0000000)
  eden space 119296K, 24% used [0x0000000715900000,0x00000007176034f8,0x000000071cd80000)
  from space 50688K, 82% used [0x0000000720400000,0x0000000722cb7490,0x0000000723580000)
  to   space 55808K, 0% used [0x000000071cd80000,0x000000071cd80000,0x0000000720400000)
 ParOldGen       total 226816K, used 47056K [0x00000005c0a00000, 0x00000005ce780000, 0x0000000715900000)
  object space 226816K, 20% used [0x00000005c0a00000,0x00000005c37f4128,0x00000005ce780000)
 Metaspace       used 27754K, capacity 27978K, committed 28288K, reserved 1075200K
  class space    used 2084K, capacity 2167K, committed 2176K, reserved 1048576K

Card table byte_map: [0x0000000013ff0000,0x0000000014ff0000] byte_map_base: 0x00000000111eb000

Marking Bits: (ParMarkBitMap*) 0x00000000685408c0
 Begin Bits: [0x00000000162a0000, 0x000000001e278000)
 End Bits:   [0x000000001e278000, 0x0000000026250000)

Polling page: 0x0000000002b20000

CodeCache: size=245760Kb used=23403Kb max_used=25109Kb free=222356Kb
 bounds [0x0000000004c30000, 0x00000000065e0000, 0x0000000013c30000]
 total_blobs=4163 nmethods=3386 adapters=696
 compilation: enabled

Compilation events (10 events):
Event: 163.379 Thread 0x0000000029c31000 4861       2       Class521_Sub1_Sub3_Sub1::method12990 (43 bytes)
Event: 163.379 Thread 0x0000000029c31000 nmethod 4861 0x00000000054920d0 code [0x0000000005492260, 0x0000000005492518]
Event: 163.379 Thread 0x0000000029c31000 4862       2       Class282_Sub24::method12395 (5 bytes)
Event: 163.379 Thread 0x0000000029c31000 nmethod 4862 0x0000000005571b90 code [0x0000000005571ce0, 0x0000000005571e30]
Event: 163.398 Thread 0x0000000029c31000 4864       3       Class282_Sub20_Sub31::method12320 (127 bytes)
Event: 163.399 Thread 0x0000000029c31000 nmethod 4864 0x000000000548fc90 code [0x000000000548fe60, 0x0000000005490458]
Event: 163.405 Thread 0x0000000029c31000 4867       2       ja::method8547 (134 bytes)
Event: 163.405 Thread 0x0000000029c31000 nmethod 4867 0x0000000004f274d0 code [0x0000000004f27680, 0x0000000004f27a68]
Event: 163.549 Thread 0x0000000029c23800 nmethod 4793 0x0000000005a93090 code [0x0000000005a933c0, 0x0000000005a9cc58]
Event: 163.549 Thread 0x0000000029c23800 4865 %     4       Class206::method3441 @ 792 (1413 bytes)

GC Heap History (10 events):
Event: 10.142 GC heap before
{Heap before GC invocations=5 (full 1):
 PSYoungGen      total 153088K, used 131584K [0x0000000715900000, 0x0000000720380000, 0x00000007c0000000)
  eden space 131584K, 100% used [0x0000000715900000,0x000000071d980000,0x000000071d980000)
  from space 21504K, 0% used [0x000000071d980000,0x000000071d980000,0x000000071ee80000)
  to   space 21504K, 0% used [0x000000071ee80000,0x000000071ee80000,0x0000000720380000)
 ParOldGen       total 226816K, used 27117K [0x00000005c0a00000, 0x00000005ce780000, 0x0000000715900000)
  object space 226816K, 11% used [0x00000005c0a00000,0x00000005c247b660,0x00000005ce780000)
 Metaspace       used 24890K, capacity 25162K, committed 25344K, reserved 1073152K
  class space    used 1976K, capacity 2039K, committed 2048K, reserved 1048576K
Event: 10.144 GC heap after
Heap after GC invocations=5 (full 1):
 PSYoungGen      total 153088K, used 6383K [0x0000000715900000, 0x0000000724200000, 0x00000007c0000000)
  eden space 131584K, 0% used [0x0000000715900000,0x0000000715900000,0x000000071d980000)
  from space 21504K, 29% used [0x000000071ee80000,0x000000071f4bbfc0,0x0000000720380000)
  to   space 21504K, 0% used [0x000000071d980000,0x000000071d980000,0x000000071ee80000)
 ParOldGen       total 226816K, used 27125K [0x00000005c0a00000, 0x00000005ce780000, 0x0000000715900000)
  object space 226816K, 11% used [0x00000005c0a00000,0x00000005c247d660,0x00000005ce780000)
 Metaspace       used 24890K, capacity 25162K, committed 25344K, reserved 1073152K
  class space    used 1976K, capacity 2039K, committed 2048K, reserved 1048576K
}
Event: 45.301 GC heap before
{Heap before GC invocations=6 (full 1):
 PSYoungGen      total 153088K, used 137967K [0x0000000715900000, 0x0000000724200000, 0x00000007c0000000)
  eden space 131584K, 100% used [0x0000000715900000,0x000000071d980000,0x000000071d980000)
  from space 21504K, 29% used [0x000000071ee80000,0x000000071f4bbfc0,0x0000000720380000)
  to   space 21504K, 0% used [0x000000071d980000,0x000000071d980000,0x000000071ee80000)
 ParOldGen       total 226816K, used 27125K [0x00000005c0a00000, 0x00000005ce780000, 0x0000000715900000)
  object space 226816K, 11% used [0x00000005c0a00000,0x00000005c247d660,0x00000005ce780000)
 Metaspace       used 25060K, capacity 25290K, committed 25600K, reserved 1073152K
  class space    used 1979K, capacity 2039K, committed 2048K, reserved 1048576K
Event: 45.302 GC heap after
Heap after GC invocations=6 (full 1):
 PSYoungGen      total 150528K, used 2593K [0x0000000715900000, 0x0000000722000000, 0x00000007c0000000)
  eden space 129024K, 0% used [0x0000000715900000,0x0000000715900000,0x000000071d700000)
  from space 21504K, 12% used [0x000000071d980000,0x000000071dc08720,0x000000071ee80000)
  to   space 37376K, 0% used [0x000000071fb80000,0x000000071fb80000,0x0000000722000000)
 ParOldGen       total 226816K, used 27133K [0x00000005c0a00000, 0x00000005ce780000, 0x0000000715900000)
  object space 226816K, 11% used [0x00000005c0a00000,0x00000005c247f660,0x00000005ce780000)
 Metaspace       used 25060K, capacity 25290K, committed 25600K, reserved 1073152K
  class space    used 1979K, capacity 2039K, committed 2048K, reserved 1048576K
}
Event: 114.403 GC heap before
{Heap before GC invocations=7 (full 1):
 PSYoungGen      total 150528K, used 129475K [0x0000000715900000, 0x0000000722000000, 0x00000007c0000000)
  eden space 129024K, 98% used [0x0000000715900000,0x000000071d4e84e0,0x000000071d700000)
  from space 21504K, 12% used [0x000000071d980000,0x000000071dc08720,0x000000071ee80000)
  to   space 37376K, 0% used [0x000000071fb80000,0x000000071fb80000,0x0000000722000000)
 ParOldGen       total 226816K, used 27133K [0x00000005c0a00000, 0x00000005ce780000, 0x0000000715900000)
  object space 226816K, 11% used [0x00000005c0a00000,0x00000005c247f660,0x00000005ce780000)
 Metaspace       used 25953K, capacity 26186K, committed 26496K, reserved 1073152K
  class space    used 2026K, capacity 2103K, committed 2176K, reserved 1048576K
Event: 114.407 GC heap after
Heap after GC invocations=7 (full 1):
 PSYoungGen      total 155136K, used 17578K [0x0000000715900000, 0x0000000721780000, 0x00000007c0000000)
  eden space 126464K, 0% used [0x0000000715900000,0x0000000715900000,0x000000071d480000)
  from space 28672K, 61% used [0x000000071fb80000,0x0000000720caa9b8,0x0000000721780000)
  to   space 34304K, 0% used [0x000000071d480000,0x000000071d480000,0x000000071f600000)
 ParOldGen       total 226816K, used 27141K [0x00000005c0a00000, 0x00000005ce780000, 0x0000000715900000)
  object space 226816K, 11% used [0x00000005c0a00000,0x00000005c2481660,0x00000005ce780000)
 Metaspace       used 25953K, capacity 26186K, committed 26496K, reserved 1073152K
  class space    used 2026K, capacity 2103K, committed 2176K, reserved 1048576K
}
Event: 115.913 GC heap before
{Heap before GC invocations=8 (full 1):
 PSYoungGen      total 155136K, used 144042K [0x0000000715900000, 0x0000000721780000, 0x00000007c0000000)
  eden space 126464K, 100% used [0x0000000715900000,0x000000071d480000,0x000000071d480000)
  from space 28672K, 61% used [0x000000071fb80000,0x0000000720caa9b8,0x0000000721780000)
  to   space 34304K, 0% used [0x000000071d480000,0x000000071d480000,0x000000071f600000)
 ParOldGen       total 226816K, used 27141K [0x00000005c0a00000, 0x00000005ce780000, 0x0000000715900000)
  object space 226816K, 11% used [0x00000005c0a00000,0x00000005c2481660,0x00000005ce780000)
 Metaspace       used 26743K, capacity 26986K, committed 27264K, reserved 1075200K
  class space    used 2053K, capacity 2135K, committed 2176K, reserved 1048576K
Event: 115.925 GC heap after
Heap after GC invocations=8 (full 1):
 PSYoungGen      total 158720K, used 34274K [0x0000000715900000, 0x0000000723580000, 0x00000007c0000000)
  eden space 124416K, 0% used [0x0000000715900000,0x0000000715900000,0x000000071d280000)
  from space 34304K, 99% used [0x000000071d480000,0x000000071f5f8988,0x000000071f600000)
  to   space 50688K, 0% used [0x0000000720400000,0x0000000720400000,0x0000000723580000)
 ParOldGen       total 226816K, used 47056K [0x00000005c0a00000, 0x00000005ce780000, 0x0000000715900000)
  object space 226816K, 20% used [0x00000005c0a00000,0x00000005c37f4128,0x00000005ce780000)
 Metaspace       used 26743K, capacity 26986K, committed 27264K, reserved 1075200K
  class space    used 2053K, capacity 2135K, committed 2176K, reserved 1048576K
}
Event: 163.063 GC heap before
{Heap before GC invocations=9 (full 1):
 PSYoungGen      total 158720K, used 158690K [0x0000000715900000, 0x0000000723580000, 0x00000007c0000000)
  eden space 124416K, 100% used [0x0000000715900000,0x000000071d280000,0x000000071d280000)
  from space 34304K, 99% used [0x000000071d480000,0x000000071f5f8988,0x000000071f600000)
  to   space 50688K, 0% used [0x0000000720400000,0x0000000720400000,0x0000000723580000)
 ParOldGen       total 226816K, used 47056K [0x00000005c0a00000, 0x00000005ce780000, 0x0000000715900000)
  object space 226816K, 20% used [0x00000005c0a00000,0x00000005c37f4128,0x00000005ce780000)
 Metaspace       used 27708K, capacity 27914K, committed 28288K, reserved 1075200K
  class space    used 2084K, capacity 2167K, committed 2176K, reserved 1048576K
Event: 163.073 GC heap after
Heap after GC invocations=9 (full 1):
 PSYoungGen      total 169984K, used 41693K [0x0000000715900000, 0x0000000723d80000, 0x00000007c0000000)
  eden space 119296K, 0% used [0x0000000715900000,0x0000000715900000,0x000000071cd80000)
  from space 50688K, 82% used [0x0000000720400000,0x0000000722cb7490,0x0000000723580000)
  to   space 55808K, 0% used [0x000000071cd80000,0x000000071cd80000,0x0000000720400000)
 ParOldGen       total 226816K, used 47056K [0x00000005c0a00000, 0x00000005ce780000, 0x0000000715900000)
  object space 226816K, 20% used [0x00000005c0a00000,0x00000005c37f4128,0x00000005ce780000)
 Metaspace       used 27708K, capacity 27914K, committed 28288K, reserved 1075200K
  class space    used 2084K, capacity 2167K, committed 2176K, reserved 1048576K
}

Deoptimization events (10 events):
Event: 163.318 Thread 0x00000000352e0000 Uncommon trap: reason=class_check action=maybe_recompile pc=0x000000000599c380 method=Class521_Sub1_Sub1_Sub6.method12990(LGraphicalRenderer;I)LClass285; @ 37
Event: 163.318 Thread 0x00000000352e0000 Uncommon trap: reason=class_check action=maybe_recompile pc=0x000000000599c380 method=Class521_Sub1_Sub1_Sub6.method12990(LGraphicalRenderer;I)LClass285; @ 37
Event: 163.318 Thread 0x00000000352e0000 Uncommon trap: reason=class_check action=maybe_recompile pc=0x000000000599c380 method=Class521_Sub1_Sub1_Sub6.method12990(LGraphicalRenderer;I)LClass285; @ 37
Event: 163.332 Thread 0x00000000352e0000 Uncommon trap: reason=class_check action=maybe_recompile pc=0x0000000005553d80 method=Class521_Sub1_Sub3_Sub1.method12990(LGraphicalRenderer;I)LClass285; @ 37
Event: 163.339 Thread 0x00000000352e0000 Uncommon trap: reason=class_check action=maybe_recompile pc=0x0000000005553d80 method=Class521_Sub1_Sub3_Sub1.method12990(LGraphicalRenderer;I)LClass285; @ 37
Event: 163.339 Thread 0x00000000352e0000 Uncommon trap: reason=class_check action=maybe_recompile pc=0x0000000005553d80 method=Class521_Sub1_Sub3_Sub1.method12990(LGraphicalRenderer;I)LClass285; @ 37
Event: 163.339 Thread 0x00000000352e0000 Uncommon trap: reason=class_check action=maybe_recompile pc=0x0000000005553d80 method=Class521_Sub1_Sub3_Sub1.method12990(LGraphicalRenderer;I)LClass285; @ 37
Event: 163.379 Thread 0x00000000352e0000 Uncommon trap: reason=class_check action=maybe_recompile pc=0x00000000051c2054 method=Class206.method3441(Z[[[BIBI)V @ 1326
Event: 163.405 Thread 0x00000000352e0000 Uncommon trap: reason=speculate_class_check action=maybe_recompile pc=0x00000000062a2194 method=MeshRasterizer.method11262(LClass282_Sub50_Sub13;ILClass282_Sub50_Sub13;IIIIZ)V @ 6
Event: 163.405 Thread 0x00000000352e0000 Uncommon trap: reason=class_check action=maybe_recompile pc=0x0000000006265328 method=Class123.method2119(LGraphicalRenderer;LMeshRasterizer;LClass294;IIIIZI)V @ 1

Classes redefined (1 events):
Event: 142.908 Thread 0x0000000027c3a000 redefined class name=ObjectDefinitions, count=1

Internal exceptions (10 events):
Event: 145.627 Thread 0x00000000352e0000 Implicit null exception at 0x0000000005187684 to 0x0000000005187e06
Event: 158.227 Thread 0x00000000352e0000 Implicit null exception at 0x0000000005e8aeae to 0x0000000005e8b60e
Event: 160.730 Thread 0x00000000352e0000 Implicit null exception at 0x000000000569cb68 to 0x00000000056a4b45
Event: 162.349 Thread 0x00000000352e0000 Implicit null exception at 0x0000000005c4c21f to 0x0000000005c4f8ad
Event: 162.350 Thread 0x00000000352e0000 Implicit null exception at 0x0000000005f3ee9b to 0x0000000005f43169
Event: 162.353 Thread 0x00000000352e0000 Implicit null exception at 0x00000000063281a7 to 0x000000000632ef99
Event: 162.371 Thread 0x00000000352e0000 Implicit null exception at 0x0000000006518081 to 0x0000000006528c69
Event: 163.302 Thread 0x00000000352e0000 Implicit null exception at 0x00000000051f309f to 0x00000000051f33b7
Event: 163.317 Thread 0x00000000352e0000 Implicit null exception at 0x00000000061d38c4 to 0x00000000061d488d
Event: 163.478 Thread 0x00000000352e0000 Exception <a 'java/lang/NoClassDefFoundError': jagex3/graphics2/NativeError> (0x00000007173df760) thrown at [C:\re\workspace\8-2-build-windows-amd64-cygwin\jdk8u171\10807\hotspot\src\share\vm\classfile\systemDictionary.cpp, line 199]

Events (10 events):
Event: 163.478 Thread 0x00000000352e0000 DEOPT PACKING pc=0x0000000004d9a864 sp=0x00000000362d9830
Event: 163.478 Thread 0x00000000352e0000 DEOPT UNPACKING pc=0x0000000004c77890 sp=0x00000000362d9650 mode 1
Event: 163.478 Thread 0x00000000352e0000 DEOPT PACKING pc=0x0000000004d9a5fc sp=0x00000000362d99c0
Event: 163.478 Thread 0x00000000352e0000 DEOPT UNPACKING pc=0x0000000004c77890 sp=0x00000000362d97e0 mode 1
Event: 163.478 Thread 0x00000000352e0000 DEOPT PACKING pc=0x0000000004f02e81 sp=0x00000000362d9a00
Event: 163.478 Thread 0x00000000352e0000 DEOPT UNPACKING pc=0x0000000004c77890 sp=0x00000000362d9760 mode 1
Event: 163.478 Thread 0x00000000352e0000 DEOPT PACKING pc=0x0000000004eda484 sp=0x00000000362d9b50
Event: 163.478 Thread 0x00000000352e0000 DEOPT UNPACKING pc=0x0000000004c77890 sp=0x00000000362d98c8 mode 1
Event: 163.478 Thread 0x00000000352e0000 DEOPT PACKING pc=0x0000000004ecd41c sp=0x00000000362d9c00
Event: 163.478 Thread 0x00000000352e0000 DEOPT UNPACKING pc=0x0000000004c77890 sp=0x00000000362d9940 mode 1


Dynamic libraries:
0x00007ff7a3da0000 - 0x00007ff7a3dd7000 	C:\Program Files\Java\jre1.8.0_171\bin\javaw.exe
0x00007ffa0c680000 - 0x00007ffa0c860000 	C:\WINDOWS\SYSTEM32\ntdll.dll
0x00007ffa0a130000 - 0x00007ffa0a1de000 	C:\WINDOWS\System32\KERNEL32.DLL
0x00007ffa08ef0000 - 0x00007ffa09156000 	C:\WINDOWS\System32\KERNELBASE.dll
0x00007ffa0c2e0000 - 0x00007ffa0c381000 	C:\WINDOWS\System32\ADVAPI32.dll
0x00007ffa0bf10000 - 0x00007ffa0bfad000 	C:\WINDOWS\System32\msvcrt.dll
0x00007ffa0bfb0000 - 0x00007ffa0c00b000 	C:\WINDOWS\System32\sechost.dll
0x00007ffa0a3a0000 - 0x00007ffa0a4bf000 	C:\WINDOWS\System32\RPCRT4.dll
0x00007ffa0c0f0000 - 0x00007ffa0c27f000 	C:\WINDOWS\System32\USER32.dll
0x00007ffa08e50000 - 0x00007ffa08e70000 	C:\WINDOWS\System32\win32u.dll
0x00007ffa0a1f0000 - 0x00007ffa0a218000 	C:\WINDOWS\System32\GDI32.dll
0x00007ffa08cb0000 - 0x00007ffa08e43000 	C:\WINDOWS\System32\gdi32full.dll
0x00007ffa09ab0000 - 0x00007ffa09b4b000 	C:\WINDOWS\System32\msvcp_win.dll
0x00007ffa09160000 - 0x00007ffa09256000 	C:\WINDOWS\System32\ucrtbase.dll
0x00007ff9f2a20000 - 0x00007ff9f2c89000 	C:\WINDOWS\WinSxS\amd64_microsoft.windows.common-controls_6595b64144ccf1df_6.0.16299.431_none_15c7d3ee93659e73\COMCTL32.dll
0x00007ffa0bac0000 - 0x00007ffa0bdc8000 	C:\WINDOWS\System32\combase.dll
0x00007ffa08e70000 - 0x00007ffa08ee2000 	C:\WINDOWS\System32\bcryptPrimitives.dll
0x00007ffa0c0c0000 - 0x00007ffa0c0ed000 	C:\WINDOWS\System32\IMM32.DLL
0x00000000685c0000 - 0x0000000068692000 	C:\Program Files\Java\jre1.8.0_171\bin\msvcr100.dll
0x0000000067d20000 - 0x00000000685c0000 	C:\Program Files\Java\jre1.8.0_171\bin\server\jvm.dll
0x00007ffa0bf00000 - 0x00007ffa0bf08000 	C:\WINDOWS\System32\PSAPI.DLL
0x00007ffa01560000 - 0x00007ffa01583000 	C:\WINDOWS\SYSTEM32\WINMM.dll
0x00007ffa048a0000 - 0x00007ffa048aa000 	C:\WINDOWS\SYSTEM32\VERSION.dll
0x00007ff9fb570000 - 0x00007ff9fb579000 	C:\WINDOWS\SYSTEM32\WSOCK32.dll
0x00007ffa0b900000 - 0x00007ffa0b96c000 	C:\WINDOWS\System32\WS2_32.dll
0x00007ffa01500000 - 0x00007ffa0152a000 	C:\WINDOWS\SYSTEM32\WINMMBASE.dll
0x00007ffa09260000 - 0x00007ffa092aa000 	C:\WINDOWS\System32\cfgmgr32.dll
0x000000006d260000 - 0x000000006d26f000 	C:\Program Files\Java\jre1.8.0_171\bin\verify.dll
0x000000006c570000 - 0x000000006c599000 	C:\Program Files\Java\jre1.8.0_171\bin\java.dll
0x000000006d4a0000 - 0x000000006d4d5000 	C:\Program Files\Java\jre1.8.0_171\bin\jdwp.dll
0x000000006d520000 - 0x000000006d528000 	C:\Program Files\Java\jre1.8.0_171\bin\npt.dll
0x000000006d470000 - 0x000000006d493000 	C:\Program Files\Java\jre1.8.0_171\bin\instrument.dll
0x000000006c550000 - 0x000000006c566000 	C:\Program Files\Java\jre1.8.0_171\bin\zip.dll
0x00007ffa0a4c0000 - 0x00007ffa0b8f8000 	C:\WINDOWS\System32\SHELL32.dll
0x00007ffa0c010000 - 0x00007ffa0c0b6000 	C:\WINDOWS\System32\shcore.dll
0x00007ffa092b0000 - 0x00007ffa099f7000 	C:\WINDOWS\System32\windows.storage.dll
0x00007ffa09c80000 - 0x00007ffa09cd1000 	C:\WINDOWS\System32\shlwapi.dll
0x00007ffa08a20000 - 0x00007ffa08a31000 	C:\WINDOWS\System32\kernel.appcore.dll
0x00007ffa089d0000 - 0x00007ffa08a1c000 	C:\WINDOWS\System32\powrprof.dll
0x00007ffa08a40000 - 0x00007ffa08a5b000 	C:\WINDOWS\System32\profapi.dll
0x000000006d510000 - 0x000000006d519000 	C:\Program Files\Java\jre1.8.0_171\bin\dt_socket.dll
0x00007ff9f2170000 - 0x00007ff9f2186000 	C:\WINDOWS\system32\napinsp.dll
0x00007ffa04700000 - 0x00007ffa0471a000 	C:\WINDOWS\system32\pnrpnsp.dll
0x00007ffa03e60000 - 0x00007ffa03e78000 	C:\WINDOWS\system32\NLAapi.dll
0x00007ffa08260000 - 0x00007ffa082c6000 	C:\WINDOWS\System32\mswsock.dll
0x00007ffa08030000 - 0x00007ffa080e6000 	C:\WINDOWS\SYSTEM32\DNSAPI.dll
0x00007ffa0a1e0000 - 0x00007ffa0a1e8000 	C:\WINDOWS\System32\NSI.dll
0x00007ffa07ff0000 - 0x00007ffa08029000 	C:\WINDOWS\SYSTEM32\IPHLPAPI.DLL
0x00007ffa04a30000 - 0x00007ffa04a3e000 	C:\WINDOWS\System32\winrnr.dll
0x000000006e8e0000 - 0x000000006e906000 	C:\Program Files\Bonjour\mdnsNSP.dll
0x00007ffa02d70000 - 0x00007ffa02de0000 	C:\WINDOWS\System32\fwpuclnt.dll
0x00007ffa08530000 - 0x00007ffa08555000 	C:\WINDOWS\SYSTEM32\bcrypt.dll
0x00007ffa02510000 - 0x00007ffa0251a000 	C:\Windows\System32\rasadhlp.dll
0x0000000067b50000 - 0x0000000067ce8000 	C:\Program Files\Java\jre1.8.0_171\bin\awt.dll
0x00007ffa09b50000 - 0x00007ffa09c15000 	C:\WINDOWS\System32\OLEAUT32.dll
0x00007ffa06e80000 - 0x00007ffa06f08000 	C:\WINDOWS\SYSTEM32\apphelp.dll
0x00007ffa073f0000 - 0x00007ffa0741a000 	C:\WINDOWS\system32\DWMAPI.DLL
0x00007ffa06fb0000 - 0x00007ffa07045000 	C:\WINDOWS\system32\uxtheme.dll
0x00007ff9dbfa0000 - 0x00007ff9dc0be000 	C:\WINDOWS\system32\opengl32.dll
0x00007ff9ffed0000 - 0x00007ff9ffefc000 	C:\WINDOWS\SYSTEM32\GLU32.dll
0x00007ffa0a220000 - 0x00007ffa0a387000 	C:\WINDOWS\System32\MSCTF.dll
0x00007ffa0b970000 - 0x00007ffa0bab9000 	C:\WINDOWS\System32\ole32.dll
0x00007ff9f5690000 - 0x00007ff9f5825000 	C:\WINDOWS\system32\d3d9.dll
0x00007ff9fd570000 - 0x00007ff9fd65b000 	C:\WINDOWS\System32\DriverStore\FileRepository\nv_dispi.inf_amd64_2a800e6ebddb7f48\nvldumdx.dll
0x00007ffa08a80000 - 0x00007ffa08c4e000 	C:\WINDOWS\System32\crypt32.dll
0x00007ffa08a60000 - 0x00007ffa08a72000 	C:\WINDOWS\System32\MSASN1.dll
0x00007ffa08c50000 - 0x00007ffa08ca8000 	C:\WINDOWS\System32\WINTRUST.DLL
0x00007ffa0bee0000 - 0x00007ffa0befd000 	C:\WINDOWS\System32\imagehlp.dll
0x00007ffa08420000 - 0x00007ffa08437000 	C:\WINDOWS\SYSTEM32\CRYPTSP.dll
0x00007ffa07e60000 - 0x00007ffa07e93000 	C:\WINDOWS\system32\rsaenh.dll
0x00007ffa08440000 - 0x00007ffa0844b000 	C:\WINDOWS\SYSTEM32\CRYPTBASE.dll
0x00007ff9c3200000 - 0x00007ff9c4427000 	C:\WINDOWS\System32\DriverStore\FileRepository\nv_dispi.inf_amd64_2a800e6ebddb7f48\nvd3dumx.dll
0x00007ffa077b0000 - 0x00007ffa077d2000 	C:\WINDOWS\SYSTEM32\gpapi.dll
0x00007ff9f2080000 - 0x00007ff9f20af000 	C:\WINDOWS\SYSTEM32\cryptnet.dll
0x000000006d420000 - 0x000000006d467000 	C:\Program Files\Java\jre1.8.0_171\bin\fontmanager.dll
0x00007ff9ff810000 - 0x00007ff9ff8a8000 	C:\WINDOWS\System32\TextInputFramework.dll
0x00007ffa00eb0000 - 0x00007ffa0119e000 	C:\WINDOWS\System32\CoreUIComponents.dll
0x00007ffa06850000 - 0x00007ffa0692c000 	C:\WINDOWS\System32\CoreMessaging.dll
0x00007ffa07b00000 - 0x00007ffa07b31000 	C:\WINDOWS\SYSTEM32\ntmarta.dll
0x00007ffa057f0000 - 0x00007ffa05926000 	C:\WINDOWS\SYSTEM32\wintypes.dll
0x000000006c530000 - 0x000000006c54a000 	C:\Program Files\Java\jre1.8.0_171\bin\net.dll
0x000000006c510000 - 0x000000006c521000 	C:\Program Files\Java\jre1.8.0_171\bin\nio.dll
0x000000006d3d0000 - 0x000000006d412000 	C:\Program Files\Java\jre1.8.0_171\bin\t2k.dll
0x000000006d390000 - 0x000000006d3c1000 	C:\Program Files\Java\jre1.8.0_171\bin\jpeg.dll
0x000000006d380000 - 0x000000006d38c000 	C:\Program Files\Java\jre1.8.0_171\bin\jsound.dll
0x000000006d370000 - 0x000000006d37b000 	C:\Program Files\Java\jre1.8.0_171\bin\jsoundds.dll
0x00007ff9d9550000 - 0x00007ff9d95df000 	C:\WINDOWS\SYSTEM32\DSOUND.dll
0x00007ffa032e0000 - 0x00007ffa0334f000 	C:\WINDOWS\SYSTEM32\MMDevAPI.DLL
0x00007ffa087e0000 - 0x00007ffa08807000 	C:\WINDOWS\SYSTEM32\DEVOBJ.dll
0x00007ffa04d80000 - 0x00007ffa04f31000 	C:\WINDOWS\SYSTEM32\PROPSYS.dll
0x00007ff9ffe70000 - 0x00007ff9ffeb2000 	C:\WINDOWS\SYSTEM32\wdmaud.drv
0x00007ffa04d10000 - 0x00007ffa04d1a000 	C:\WINDOWS\SYSTEM32\AVRT.dll
0x00007ff9f2990000 - 0x00007ff9f2999000 	C:\WINDOWS\SYSTEM32\ksuser.dll
0x00007ff9e2e40000 - 0x00007ff9e2f62000 	C:\WINDOWS\SYSTEM32\AUDIOSES.DLL
0x00007ffa02f30000 - 0x00007ffa02f3c000 	C:\WINDOWS\SYSTEM32\msacm32.drv
0x00007ffa01590000 - 0x00007ffa015ac000 	C:\WINDOWS\SYSTEM32\MSACM32.dll
0x00007ffa01fa0000 - 0x00007ffa01faa000 	C:\WINDOWS\SYSTEM32\midimap.dll
0x00007ffa0c530000 - 0x00007ffa0c5ce000 	C:\WINDOWS\System32\clbcatq.dll
0x00007ff9ff8b0000 - 0x00007ff9ff9b7000 	C:\Windows\System32\Windows.UI.dll
0x00007ffa059c0000 - 0x00007ffa059ea000 	C:\Users\trent\jagexcache\runescape\LIVE\jaclib.dll
0x000000006d360000 - 0x000000006d367000 	C:\Program Files\Java\jre1.8.0_171\bin\jawt.dll
0x00007ff9fb770000 - 0x00007ff9fb77f000 	C:\WINDOWS\system32\wbem\wbemprox.dll
0x00007ff9fc940000 - 0x00007ff9fc9c1000 	C:\WINDOWS\SYSTEM32\wbemcomn.dll
0x00007ff9fb670000 - 0x00007ff9fb684000 	C:\WINDOWS\system32\wbem\wbemsvc.dll
0x00007ff9f8180000 - 0x00007ff9f8270000 	C:\WINDOWS\system32\wbem\fastprox.dll
0x00007ff9ffdf0000 - 0x00007ff9ffe0b000 	C:\WINDOWS\system32\winbrand.dll
0x00007ff9cdfc0000 - 0x00007ff9d005d000 	C:\WINDOWS\System32\DriverStore\FileRepository\nv_dispi.inf_amd64_2a800e6ebddb7f48\nvwgf2umx.dll
0x00007ffa02350000 - 0x00007ffa02369000 	C:\Users\trent\jagexcache\runescape\LIVE\jagdx.dll
0x00007ffa04820000 - 0x00007ffa0482b000 	C:\WINDOWS\SYSTEM32\WINNSI.DLL
0x00007ff9dc6c0000 - 0x00007ff9dc86d000 	C:\Users\trent\jagexcache\runescape\LIVE\sw3d.dll
0x00007ffa037a0000 - 0x00007ffa03968000 	C:\WINDOWS\SYSTEM32\dbghelp.dll
0x00007ffa03660000 - 0x00007ffa03689000 	C:\WINDOWS\SYSTEM32\dbgcore.DLL

VM Arguments:
jvm_args: -agentlib:jdwp=transport=dt_socket,suspend=y,address=localhost:64515 -javaagent:C:\Users\trent\Desktop\eclipse\configuration\org.eclipse.osgi\335\0\.cp\lib\javaagent-shaded.jar -Dfile.encoding=Cp1252 
java_command: Loader
java_class_path (initial): C:\Program Files\Java\jre1.8.0_171\lib\resources.jar;C:\Program Files\Java\jre1.8.0_171\lib\rt.jar;C:\Program Files\Java\jre1.8.0_171\lib\jsse.jar;C:\Program Files\Java\jre1.8.0_171\lib\jce.jar;C:\Program Files\Java\jre1.8.0_171\lib\charsets.jar;C:\Program Files\Java\jre1.8.0_171\lib\jfr.jar;C:\Program Files\Java\jre1.8.0_171\lib\ext\access-bridge-64.jar;C:\Program Files\Java\jre1.8.0_171\lib\ext\cldrdata.jar;C:\Program Files\Java\jre1.8.0_171\lib\ext\dnsns.jar;C:\Program Files\Java\jre1.8.0_171\lib\ext\jaccess.jar;C:\Program Files\Java\jre1.8.0_171\lib\ext\jfxrt.jar;C:\Program Files\Java\jre1.8.0_171\lib\ext\localedata.jar;C:\Program Files\Java\jre1.8.0_171\lib\ext\nashorn.jar;C:\Program Files\Java\jre1.8.0_171\lib\ext\sunec.jar;C:\Program Files\Java\jre1.8.0_171\lib\ext\sunjce_provider.jar;C:\Program Files\Java\jre1.8.0_171\lib\ext\sunmscapi.jar;C:\Program Files\Java\jre1.8.0_171\lib\ext\sunpkcs11.jar;C:\Program Files\Java\jre1.8.0_171\lib\ext\zipfs.jar;D:\java-projects\Axios 718 Client\bin;C:\Users\trent\Desktop\eclipse\configuration\org.eclipse.osgi\335\0\.cp\lib\javaagent-shaded.jar
Launcher Type: SUN_STANDARD

Environment Variables:
JAVA_HOME=C:\Program Files\Java\jdk1.8.0_151
PATH=C:/Program Files/Java/jre1.8.0_171/bin/server;C:/Program Files/Java/jre1.8.0_171/bin;C:/Program Files/Java/jre1.8.0_171/lib/amd64;C:\Program Files (x86)\Common Files\Oracle\Java\javapath;C:\ProgramData\Oracle\Java\javapath;C:\WINDOWS\system32;C:\WINDOWS;C:\WINDOWS\System32\Wbem;C:\WINDOWS\System32\WindowsPowerShell\v1.0\;C:\Program Files\Git\cmd;C:\Program Files\nodejs\;D:\Program Files\gradle\gradle-4.1\bin;C:\Program Files\Java\jdk1.8.0_151\bin;C:\Program Files (x86)\NVIDIA Corporation\PhysX\Common;C:\Program Files\PuTTY\;C:\Users\trent\AppData\Roaming\npm\node_modules\phantomjs\lib\phantom;C:\Users\trent\AppData\Roaming\npm\node_modules\phantomjs-prebuilt;C:\Users\trent\AppData\Local\Microsoft\WindowsApps;C:\Users\trent\AppData\Local\atom\bin;C:\Users\trent\AppData\Roaming\npm;C:\Users\trent\Desktop\eclipse;
USERNAME=trent
OS=Windows_NT
PROCESSOR_IDENTIFIER=Intel64 Family 6 Model 158 Stepping 9, GenuineIntel



---------------  S Y S T E M  ---------------

OS: Windows 10.0 , 64 bit Build 16299 (10.0.16299.431)

CPU:total 8 (initial active 8) (4 cores per cpu, 2 threads per core) family 6 model 158 stepping 9, cmov, cx8, fxsr, mmx, sse, sse2, sse3, ssse3, sse4.1, sse4.2, popcnt, avx, avx2, aes, clmul, erms, rtm, 3dnowpref, lzcnt, ht, tsc, tscinvbit, bmi1, bmi2, adx

Memory: 4k page, physical 33513216k(21371488k free), swap 38493952k(23257932k free)

vm_info: Java HotSpot(TM) 64-Bit Server VM (25.171-b11) for windows-amd64 JRE (1.8.0_171-b11), built on Mar 28 2018 16:06:12 by "java_re" with MS VC++ 10.0 (VS2010)

time: Sat Jun 02 01:29:03 2018
elapsed time: 163 seconds (0d 0h 2m 43s)

